#-----------------------------------------------------------
# Webtalk v2018.2 (64-bit)
# SW Build 2258646 on Thu Jun 14 20:02:38 MDT 2018
# 
# Start of session at: Tue Sep 11 20:24:09 2018
# Process ID: 32016
# Current directory: /home/guan/Xilinx/Project/HLS_DDR/HLS_DDR.sdk/webtalk
# Command line: wbtcv -mode batch -source sdk_webtalk.tcl
# Log file: /home/guan/Xilinx/Project/HLS_DDR/HLS_DDR.sdk/webtalk/webtalk.log
# Journal file: /home/guan/Xilinx/Project/HLS_DDR/HLS_DDR.sdk/webtalk/webtalk.jou
#-----------------------------------------------------------
source sdk_webtalk.tcl
# webtalk_init -webtalk_dir /home/guan/Xilinx/Project/HLS_DDR/HLS_DDR.sdk/webtalk
# webtalk_register_client -client project
# webtalk_add_data -client project -key date_generated -value "2018-09-11 20:24:07" -context "software_version_and_target_device"
# webtalk_add_data -client project -key product_version -value "SDK v2018.2" -context "software_version_and_target_device"
# webtalk_add_data -client project -key build_version -value "2018.2" -context "software_version_and_target_device"
# webtalk_add_data -client project -key os_platform -value "amd64" -context "software_version_and_target_device"
# webtalk_add_data -client project -key registration_id -value "211561961_0_0_402" -context "software_version_and_target_device"
# webtalk_add_data -client project -key tool_flow -value "SDK" -context "software_version_and_target_device"
# webtalk_add_data -client project -key beta -value "false" -context "software_version_and_target_device"
# webtalk_add_data -client project -key route_design -value "NA" -context "software_version_and_target_device"
# webtalk_add_data -client project -key target_family -value "NA" -context "software_version_and_target_device"
# webtalk_add_data -client project -key target_device -value "NA" -context "software_version_and_target_device"
# webtalk_add_data -client project -key target_package -value "NA" -context "software_version_and_target_device"
# webtalk_add_data -client project -key target_speed -value "NA" -context "software_version_and_target_device"
# webtalk_add_data -client project -key random_id -value "6fmshbl26rpoi753tfg0idip3u" -context "software_version_and_target_device"
# webtalk_add_data -client project -key project_id -value "2018.2_6" -context "software_version_and_target_device"
# webtalk_add_data -client project -key project_iteration -value "6" -context "software_version_and_target_device"
# webtalk_add_data -client project -key os_name -value "Ubuntu" -context "user_environment"
# webtalk_add_data -client project -key os_release -value "Ubuntu 16.04.5 LTS" -context "user_environment"
# webtalk_add_data -client project -key cpu_name -value "Intel(R) Core(TM) i5-4200U CPU @ 1.60GHz" -context "user_environment"
# webtalk_add_data -client project -key cpu_speed -value "2549.316 MHz" -context "user_environment"
# webtalk_add_data -client project -key total_processors -value "1" -context "user_environment"
# webtalk_add_data -client project -key system_ram -value "8.249 GB" -context "user_environment"
# webtalk_register_client -client sdk
# webtalk_add_data -client sdk -key uid -value "1536667330000" -context "sdk\\\\hardware/1536667330000"
# webtalk_add_data -client sdk -key isZynq -value "false" -context "sdk\\\\hardware/1536667330000"
# webtalk_add_data -client sdk -key isZynqMP -value "true" -context "sdk\\\\hardware/1536667330000"
# webtalk_add_data -client sdk -key Processors -value "7" -context "sdk\\\\hardware/1536667330000"
# webtalk_add_data -client sdk -key VivadoVersion -value "2018.2" -context "sdk\\\\hardware/1536667330000"
# webtalk_add_data -client sdk -key Arch -value "zynquplus" -context "sdk\\\\hardware/1536667330000"
# webtalk_add_data -client sdk -key Device -value "xczu9eg" -context "sdk\\\\hardware/1536667330000"
# webtalk_add_data -client sdk -key IsHandoff -value "true" -context "sdk\\\\hardware/1536667330000"
# webtalk_add_data -client sdk -key os -value "NA" -context "sdk\\\\hardware/1536667330000"
# webtalk_add_data -client sdk -key apptemplate -value "NA" -context "sdk\\\\hardware/1536667330000"
# webtalk_add_data -client sdk -key RecordType -value "HWCreation" -context "sdk\\\\hardware/1536667330000"
# webtalk_add_data -client sdk -key uid -value "1536667374000" -context "sdk\\\\application/1536667374000"
# webtalk_add_data -client sdk -key os -value "linux" -context "sdk\\\\application/1536667374000"
# webtalk_add_data -client sdk -key apptemplate -value "linux_hello_world" -context "sdk\\\\application/1536667374000"
# webtalk_add_data -client sdk -key RecordType -value "APPCreation" -context "sdk\\\\application/1536667374000"
# webtalk_add_data -client sdk -key LangUsed -value "C" -context "sdk\\\\application/1536667374000"
# webtalk_add_data -client sdk -key Procused -value "" -context "sdk\\\\application/1536667374000"
# webtalk_add_data -client sdk -key uid -value "1536667570000" -context "sdk\\\\bsp/1536667570000"
# webtalk_add_data -client sdk -key hwid -value "1536667330000" -context "sdk\\\\bsp/1536667570000"
# webtalk_add_data -client sdk -key os -value "freertos10_xilinx" -context "sdk\\\\bsp/1536667570000"
# webtalk_add_data -client sdk -key apptemplate -value "freertos_hello_world" -context "sdk\\\\bsp/1536667570000"
# webtalk_add_data -client sdk -key RecordType -value "BSPCreation" -context "sdk\\\\bsp/1536667570000"
# webtalk_add_data -client sdk -key uid -value "1536667575000" -context "sdk\\\\application/1536667575000"
# webtalk_add_data -client sdk -key hwid -value "1536667330000" -context "sdk\\\\application/1536667575000"
# webtalk_add_data -client sdk -key bspid -value "1536667570000" -context "sdk\\\\application/1536667575000"
# webtalk_add_data -client sdk -key newbsp -value "true" -context "sdk\\\\application/1536667575000"
# webtalk_add_data -client sdk -key os -value "freertos10_xilinx" -context "sdk\\\\application/1536667575000"
# webtalk_add_data -client sdk -key apptemplate -value "freertos_hello_world" -context "sdk\\\\application/1536667575000"
# webtalk_add_data -client sdk -key RecordType -value "APPCreation" -context "sdk\\\\application/1536667575000"
# webtalk_add_data -client sdk -key LangUsed -value "C" -context "sdk\\\\application/1536667575000"
# webtalk_add_data -client sdk -key Procused -value "psu_cortexa53" -context "sdk\\\\application/1536667575000"
# webtalk_add_data -client sdk -key uid -value "1536667652000" -context "sdk\\\\application/1536667652000"
# webtalk_add_data -client sdk -key os -value "linux" -context "sdk\\\\application/1536667652000"
# webtalk_add_data -client sdk -key apptemplate -value "linux_hello_world" -context "sdk\\\\application/1536667652000"
# webtalk_add_data -client sdk -key RecordType -value "APPCreation" -context "sdk\\\\application/1536667652000"
# webtalk_add_data -client sdk -key LangUsed -value "C" -context "sdk\\\\application/1536667652000"
# webtalk_add_data -client sdk -key Procused -value "" -context "sdk\\\\application/1536667652000"
# webtalk_add_data -client sdk -key uid -value "NA" -context "sdk\\\\bsp/1536668647570"
# webtalk_add_data -client sdk -key RecordType -value "ToolUsage" -context "sdk\\\\bsp/1536668647570"
# webtalk_add_data -client sdk -key BootgenCount -value "0" -context "sdk\\\\bsp/1536668647570"
# webtalk_add_data -client sdk -key DebugCount -value "0" -context "sdk\\\\bsp/1536668647570"
# webtalk_add_data -client sdk -key PerfCount -value "0" -context "sdk\\\\bsp/1536668647570"
# webtalk_add_data -client sdk -key FlashCount -value "0" -context "sdk\\\\bsp/1536668647570"
# webtalk_add_data -client sdk -key CrossTriggCount -value "0" -context "sdk\\\\bsp/1536668647570"
# webtalk_add_data -client sdk -key QemuDebugCount -value "0" -context "sdk\\\\bsp/1536668647570"
# webtalk_transmit -clientid 190304176 -regid "211561961_0_0_402" -xml /home/guan/Xilinx/Project/HLS_DDR/HLS_DDR.sdk/webtalk/usage_statistics_ext_sdk.xml -html /home/guan/Xilinx/Project/HLS_DDR/HLS_DDR.sdk/webtalk/usage_statistics_ext_sdk.html -wdm /home/guan/Xilinx/Project/HLS_DDR/HLS_DDR.sdk/webtalk/sdk_webtalk.wdm -intro "<H3>SDK Usage Report</H3><BR>"
INFO: [Common 17-186] '/home/guan/Xilinx/Project/HLS_DDR/HLS_DDR.sdk/webtalk/usage_statistics_ext_sdk.xml' has been successfully sent to Xilinx on Tue Sep 11 20:24:13 2018. For additional details about this file, please refer to the WebTalk help file at /home/guan/Xilinx/SDK/2018.2/doc/webtalk_introduction.html.
# webtalk_terminate
INFO: [Common 17-206] Exiting Webtalk at Tue Sep 11 20:24:13 2018...
