#-----------------------------------------------------------
# Webtalk v2018.2 (64-bit)
# SW Build 2258646 on Thu Jun 14 20:02:38 MDT 2018
# 
# Start of session at: Mon Jul 30 21:43:22 2018
# Process ID: 3677
# Current directory: /home/guan/workspace/webtalk
# Command line: wbtcv -mode batch -source sdk_webtalk.tcl
# Log file: /home/guan/workspace/webtalk/webtalk.log
# Journal file: /home/guan/workspace/webtalk/webtalk.jou
#-----------------------------------------------------------
source sdk_webtalk.tcl
# webtalk_init -webtalk_dir /home/guan/workspace/webtalk
# webtalk_register_client -client project
# webtalk_add_data -client project -key date_generated -value "2018-07-30 21:43:20" -context "software_version_and_target_device"
# webtalk_add_data -client project -key product_version -value "SDK v2018.2" -context "software_version_and_target_device"
# webtalk_add_data -client project -key build_version -value "2018.2" -context "software_version_and_target_device"
# webtalk_add_data -client project -key os_platform -value "amd64" -context "software_version_and_target_device"
# webtalk_add_data -client project -key registration_id -value "" -context "software_version_and_target_device"
# webtalk_add_data -client project -key tool_flow -value "SDK" -context "software_version_and_target_device"
# webtalk_add_data -client project -key beta -value "false" -context "software_version_and_target_device"
# webtalk_add_data -client project -key route_design -value "NA" -context "software_version_and_target_device"
# webtalk_add_data -client project -key target_family -value "NA" -context "software_version_and_target_device"
# webtalk_add_data -client project -key target_device -value "NA" -context "software_version_and_target_device"
# webtalk_add_data -client project -key target_package -value "NA" -context "software_version_and_target_device"
# webtalk_add_data -client project -key target_speed -value "NA" -context "software_version_and_target_device"
# webtalk_add_data -client project -key random_id -value "jq3o767118eaapqb28ouk6snmh" -context "software_version_and_target_device"
# webtalk_add_data -client project -key project_id -value "2018.2_2" -context "software_version_and_target_device"
# webtalk_add_data -client project -key project_iteration -value "2" -context "software_version_and_target_device"
# webtalk_add_data -client project -key os_name -value "Ubuntu" -context "user_environment"
# webtalk_add_data -client project -key os_release -value "Ubuntu 16.04.5 LTS" -context "user_environment"
# webtalk_add_data -client project -key cpu_name -value "Intel(R) Core(TM) i5-4200U CPU @ 1.60GHz" -context "user_environment"
# webtalk_add_data -client project -key cpu_speed -value "2244.386 MHz" -context "user_environment"
# webtalk_add_data -client project -key total_processors -value "1" -context "user_environment"
# webtalk_add_data -client project -key system_ram -value "8.249 GB" -context "user_environment"
# webtalk_register_client -client sdk
# webtalk_add_data -client sdk -key uid -value "1532949959000" -context "sdk\\\\application/1532949959000"
# webtalk_add_data -client sdk -key os -value "linux" -context "sdk\\\\application/1532949959000"
# webtalk_add_data -client sdk -key apptemplate -value "linux_hello_world" -context "sdk\\\\application/1532949959000"
# webtalk_add_data -client sdk -key RecordType -value "APPCreation" -context "sdk\\\\application/1532949959000"
# webtalk_add_data -client sdk -key LangUsed -value "C" -context "sdk\\\\application/1532949959000"
# webtalk_add_data -client sdk -key Procused -value "" -context "sdk\\\\application/1532949959000"
# webtalk_add_data -client sdk -key projSize -value "40.25" -context "sdk\\\\application/1532949959000"
# webtalk_add_data -client sdk -key uid -value "NA" -context "sdk\\\\bsp/1532958200444"
# webtalk_add_data -client sdk -key RecordType -value "ToolUsage" -context "sdk\\\\bsp/1532958200444"
# webtalk_add_data -client sdk -key BootgenCount -value "0" -context "sdk\\\\bsp/1532958200444"
# webtalk_add_data -client sdk -key DebugCount -value "4" -context "sdk\\\\bsp/1532958200444"
# webtalk_add_data -client sdk -key PerfCount -value "0" -context "sdk\\\\bsp/1532958200444"
# webtalk_add_data -client sdk -key FlashCount -value "0" -context "sdk\\\\bsp/1532958200444"
# webtalk_add_data -client sdk -key CrossTriggCount -value "0" -context "sdk\\\\bsp/1532958200444"
# webtalk_add_data -client sdk -key QemuDebugCount -value "0" -context "sdk\\\\bsp/1532958200444"
# webtalk_transmit -clientid 4122818181 -regid "" -xml /home/guan/workspace/webtalk/usage_statistics_ext_sdk.xml -html /home/guan/workspace/webtalk/usage_statistics_ext_sdk.html -wdm /home/guan/workspace/webtalk/sdk_webtalk.wdm -intro "<H3>SDK Usage Report</H3><BR>"
INFO: [Common 17-186] '/home/guan/workspace/webtalk/usage_statistics_ext_sdk.xml' has been successfully sent to Xilinx on Mon Jul 30 21:43:26 2018. For additional details about this file, please refer to the WebTalk help file at /home/guan/Xilinx/SDK/2018.2/doc/webtalk_introduction.html.
# webtalk_terminate
INFO: [Common 17-206] Exiting Webtalk at Mon Jul 30 21:43:26 2018...
