16:54:10 INFO  : Registering command handlers for SDK TCF services
16:54:12 INFO  : Launching XSCT server: xsct -n -interactive /home/guan/workspace/temp_xsdb_launch_script.tcl
16:54:19 INFO  : XSCT server has started successfully.
16:54:34 INFO  : Successfully done setting XSCT server connection channel  
16:54:34 INFO  : Successfully done setting SDK workspace  
16:59:38 INFO  : Refreshed build settings on project Helloworld
17:00:44 INFO  : No changes in MSS file content so not generating sources.
19:11:28 INFO  : Registering command handlers for SDK TCF services
19:11:31 INFO  : Launching XSCT server: xsct -n -interactive /home/guan/workspace/temp_xsdb_launch_script.tcl
19:11:35 INFO  : XSCT server has started successfully.
19:11:44 INFO  : Successfully done setting XSCT server connection channel  
19:11:44 INFO  : Successfully done setting SDK workspace  
16:48:12 INFO  : Registering command handlers for SDK TCF services
16:48:14 INFO  : Launching XSCT server: xsct -n -interactive /home/guan/workspace/temp_xsdb_launch_script.tcl
16:48:21 INFO  : XSCT server has started successfully.
16:48:21 INFO  : Successfully done setting XSCT server connection channel  
16:48:34 INFO  : Successfully done setting SDK workspace  
21:50:46 ERROR : (XSDB Server)Terminated

15:51:42 INFO  : Registering command handlers for SDK TCF services
15:51:44 INFO  : Launching XSCT server: xsct -n -interactive /home/guan/workspace/temp_xsdb_launch_script.tcl
15:51:50 INFO  : XSCT server has started successfully.
15:51:50 INFO  : Successfully done setting XSCT server connection channel  
15:52:09 INFO  : Successfully done setting SDK workspace  
15:49:44 INFO  : Registering command handlers for SDK TCF services
15:49:45 INFO  : Launching XSCT server: xsct -n -interactive /home/guan/workspace/temp_xsdb_launch_script.tcl
15:49:52 INFO  : XSCT server has started successfully.
15:50:09 INFO  : Successfully done setting XSCT server connection channel  
15:50:09 INFO  : Successfully done setting SDK workspace  
16:28:07 INFO  : Registering command handlers for SDK TCF services
16:28:09 INFO  : Launching XSCT server: xsct -n -interactive /home/guan/workspace/temp_xsdb_launch_script.tcl
16:28:13 INFO  : XSCT server has started successfully.
16:28:21 INFO  : Successfully done setting XSCT server connection channel  
16:28:21 INFO  : Successfully done setting SDK workspace  
17:24:10 INFO  : Registering command handlers for SDK TCF services
17:24:11 INFO  : Launching XSCT server: xsct -n -interactive /home/guan/workspace/temp_xsdb_launch_script.tcl
17:24:13 INFO  : XSCT server has started successfully.
17:24:13 INFO  : Successfully done setting XSCT server connection channel  
17:24:13 INFO  : Successfully done setting SDK workspace  
16:02:50 INFO  : Registering command handlers for SDK TCF services
16:02:52 INFO  : Launching XSCT server: xsct -n -interactive /home/guan/workspace/temp_xsdb_launch_script.tcl
16:02:57 INFO  : XSCT server has started successfully.
16:02:57 INFO  : Successfully done setting XSCT server connection channel  
16:03:04 INFO  : Successfully done setting SDK workspace  
21:04:39 INFO  : Registering command handlers for SDK TCF services
21:04:42 INFO  : Launching XSCT server: xsct -n -interactive /home/guan/workspace/temp_xsdb_launch_script.tcl
21:04:48 INFO  : XSCT server has started successfully.
21:04:56 INFO  : Successfully done setting XSCT server connection channel  
21:04:56 INFO  : Successfully done setting SDK workspace  
19:19:22 INFO  : Registering command handlers for SDK TCF services
19:19:24 INFO  : Launching XSCT server: xsct -n -interactive /home/guan/workspace/temp_xsdb_launch_script.tcl
19:19:28 INFO  : XSCT server has started successfully.
19:19:42 INFO  : Successfully done setting XSCT server connection channel  
19:19:42 INFO  : Successfully done setting SDK workspace  
15:54:50 INFO  : Registering command handlers for SDK TCF services
15:54:52 INFO  : Launching XSCT server: xsct -n -interactive /home/guan/workspace/temp_xsdb_launch_script.tcl
15:54:57 INFO  : XSCT server has started successfully.
15:54:57 INFO  : Successfully done setting XSCT server connection channel  
15:55:11 INFO  : Successfully done setting SDK workspace  
16:58:56 INFO  : Registering command handlers for SDK TCF services
16:58:57 INFO  : Launching XSCT server: xsct -n -interactive /home/guan/workspace/temp_xsdb_launch_script.tcl
16:58:59 INFO  : XSCT server has started successfully.
16:58:59 INFO  : Successfully done setting XSCT server connection channel  
16:58:59 INFO  : Successfully done setting SDK workspace  
16:03:42 INFO  : Registering command handlers for SDK TCF services
16:03:44 INFO  : Launching XSCT server: xsct -n -interactive /home/guan/workspace/temp_xsdb_launch_script.tcl
16:03:49 INFO  : XSCT server has started successfully.
16:03:49 INFO  : Successfully done setting XSCT server connection channel  
16:04:03 INFO  : Successfully done setting SDK workspace  
16:19:15 INFO  : Registering command handlers for SDK TCF services
16:19:18 INFO  : Launching XSCT server: xsct -n -interactive /home/guan/workspace/temp_xsdb_launch_script.tcl
16:19:25 INFO  : XSCT server has started successfully.
16:19:25 INFO  : Successfully done setting XSCT server connection channel  
16:19:51 INFO  : Successfully done setting SDK workspace  
16:26:53 INFO  : Registering command handlers for SDK TCF services
16:26:56 INFO  : Launching XSCT server: xsct -n -interactive /home/guan/workspace/temp_xsdb_launch_script.tcl
16:27:02 INFO  : XSCT server has started successfully.
16:27:10 INFO  : Successfully done setting XSCT server connection channel  
16:27:10 INFO  : Successfully done setting SDK workspace  
16:39:18 INFO  : Connected to target on host '127.0.0.1' and port '3121'.
16:39:36 INFO  : ----------------XSDB Script----------------
connect -url tcp:127.0.0.1:3121
----------------End of Script----------------

17:03:01 INFO  : Launching QEMU with command '/home/guan/Xilinx/Petalinux/tools/linux-i386/petalinux/bin/qemu-system-aarch64 -nographic -M arm-generic-fdt -dtb /home/guan/Xilinx/Project/xilinx-zcu102-2018.2/images/linux/zynqmp-qemu-multiarch-arm.dtb -gdb tcp::1137 -S'
17:03:01 INFO  : Launching tcfgdbclient with command 'tcfgdbclient -s tcp::1138 -S'
17:03:02 ERROR : (QEMU Process )qemu-system-aarch64: /pmu@0: Missing chardesc prop. Forgot -machine-path?


17:03:22 INFO  : Connected to target on host 'localhost' and port '1138'.
17:03:31 ERROR : Failed to connect to QEMU using tcfgdbclient.
Reason: Connection refused
17:03:31 INFO  : QEMU process is terminated.
17:03:31 INFO  : tcfgdbclient process is terminated.
17:03:40 ERROR : Failed to connect to hardware server on host 'localhost' and port '1138'.
Reason: Connection refused
17:03:40 INFO  : ----------------XSDB Script----------------
connect -url tcp:localhost:1138
----------------End of Script----------------

17:12:47 INFO  : Launching QEMU with command '/home/guan/Xilinx/Petalinux/tools/linux-i386/petalinux/bin/qemu-system-aarch64 -nographic -M arm-generic-fdt -dtb /home/guan/Xilinx/Project/xilinx-zcu102-2018.2/images/linux/zynqmp-qemu-multiarch-arm.dtb -gdb tcp::1137 -S'
17:12:47 INFO  : Launching tcfgdbclient with command 'tcfgdbclient -s tcp::1138 -S'
17:12:48 ERROR : (QEMU Process )qemu-system-aarch64: /pmu@0: Missing chardesc prop. Forgot -machine-path?


17:13:07 INFO  : Connected to target on host 'localhost' and port '1138'.
17:13:16 ERROR : Failed to connect to QEMU using tcfgdbclient.
Reason: Connection refused
17:13:16 INFO  : QEMU process is terminated.
17:13:16 INFO  : tcfgdbclient process is terminated.
17:13:19 ERROR : Failed to connect to hardware server on host 'localhost' and port '1138'.
Reason: Connection refused
17:13:19 INFO  : ----------------XSDB Script----------------
connect -url tcp:localhost:1138
----------------End of Script----------------

14:57:43 INFO  : Registering command handlers for SDK TCF services
14:57:46 INFO  : Launching XSCT server: xsct -n -interactive /home/guan/workspace/temp_xsdb_launch_script.tcl
14:57:51 INFO  : XSCT server has started successfully.
14:58:05 INFO  : Successfully done setting XSCT server connection channel  
14:58:05 INFO  : Successfully done setting SDK workspace  
15:14:45 INFO  : Project 'zcu102' created. You can now create BSPs and application projects targeting this hardware platform.
15:19:08 INFO  : Registering command handlers for SDK TCF services
15:19:13 INFO  : Launching XSCT server: xsct -n -interactive /home/guan/workspace/temp_xsdb_launch_script.tcl
15:19:21 INFO  : XSCT server has started successfully.
15:19:43 INFO  : Successfully done setting XSCT server connection channel  
15:19:43 INFO  : Successfully done setting SDK workspace  
14:43:51 INFO  : Registering command handlers for SDK TCF services
14:43:54 INFO  : Launching XSCT server: xsct -n -interactive /home/guan/workspace/temp_xsdb_launch_script.tcl
14:44:02 INFO  : XSCT server has started successfully.
14:44:29 INFO  : Successfully done setting XSCT server connection channel  
14:44:29 INFO  : Successfully done setting SDK workspace  
17:03:24 INFO  : Registering command handlers for SDK TCF services
17:03:26 INFO  : Launching XSCT server: xsct -n -interactive /home/guan/workspace/temp_xsdb_launch_script.tcl
17:03:32 INFO  : XSCT server has started successfully.
17:03:32 INFO  : Successfully done setting XSCT server connection channel  
19:08:10 INFO  : Registering command handlers for SDK TCF services
19:08:12 INFO  : Launching XSCT server: xsct -n -interactive /home/guan/workspace/temp_xsdb_launch_script.tcl
19:08:18 INFO  : XSCT server has started successfully.
19:08:18 INFO  : Successfully done setting XSCT server connection channel  
19:08:32 INFO  : Successfully done setting SDK workspace  
14:49:28 INFO  : Registering command handlers for SDK TCF services
14:49:30 INFO  : Launching XSCT server: xsct -n -interactive /home/guan/workspace/temp_xsdb_launch_script.tcl
14:49:33 INFO  : XSCT server has started successfully.
14:49:33 INFO  : Successfully done setting XSCT server connection channel  
14:49:34 INFO  : Successfully done setting SDK workspace  
20:02:07 INFO  : Registering command handlers for SDK TCF services
20:02:09 INFO  : Launching XSCT server: xsct -n -interactive /home/guan/workspace/temp_xsdb_launch_script.tcl
20:02:11 INFO  : XSCT server has started successfully.
20:02:11 INFO  : Successfully done setting XSCT server connection channel  
20:02:11 INFO  : Successfully done setting SDK workspace  
20:02:26 INFO  : SDK has detected change in the last modified timestamps for source hardware specification file Source:1536932729000,  Project:1534489694000
20:02:26 INFO  : Project zcu102's source hardware specification located at /home/guan/Xilinx/Project/xilinx-zcu102-2018.2/project-spec/hw-description/system.hdf is now different from the local copy.
		 The local copy will be replaced with the source specification and your workspace will be updated.
20:02:29 INFO  : Project zcu102's source hardware specification location will not be monitored anymore.
